Using pre-set license
Built from '2020.3/staging' branch; Version is '2020.3.0f1 (c7b5465681fb) revision 13088070'; Using compiler version '192528614'; Build Type 'Release'
OS: 'Windows 10 Home; OS build 19042.985; Version 2009; 64bit' Language: 'en' Physical Memory: 16315 MB
BatchMode: 1, IsHumanControllingUs: 0, StartBugReporterOnCrash: 0, Is64bit: 1, IsPro: 0

 COMMAND LINE ARGUMENTS:
D:\Unity\Editors\2020.3.0f1\Editor\Unity.exe
-adb2
-batchMode
-noUpm
-name
AssetImportWorker0
-projectPath
C:/Users/Caleb/Desktop/Projects/Tranquility/Tranquility/Tranquility
-logFile
Logs/AssetImportWorker0.log
-srvPort
52871
Successfully changed project path to: C:/Users/Caleb/Desktop/Projects/Tranquility/Tranquility/Tranquility
C:/Users/Caleb/Desktop/Projects/Tranquility/Tranquility/Tranquility
Using Asset Import Pipeline V2.
Refreshing native plugins compatible for Editor in 41.04 ms, found 1 plugins.
Preloading 0 native plugins for Editor in 0.00 ms.
Initialize engine version: 2020.3.0f1 (c7b5465681fb)
[Subsystems] Discovering subsystems at path D:/Unity/Editors/2020.3.0f1/Editor/Data/Resources/UnitySubsystems
[Subsystems] Discovering subsystems at path C:/Users/Caleb/Desktop/Projects/Tranquility/Tranquility/Tranquility/Assets
GfxDevice: creating device client; threaded=0
Direct3D:
    Version:  Direct3D 11.0 [level 11.1]
    Renderer: NVIDIA GeForce GTX 1060 3GB (ID=0x1c02)
    Vendor:   
    VRAM:     2988 MB
    Driver:   27.21.14.5671
Initialize mono
Mono path[0] = 'D:/Unity/Editors/2020.3.0f1/Editor/Data/Managed'
Mono path[1] = 'D:/Unity/Editors/2020.3.0f1/Editor/Data/MonoBleedingEdge/lib/mono/unityjit'
Mono config path = 'D:/Unity/Editors/2020.3.0f1/Editor/Data/MonoBleedingEdge/etc'
Using monoOptions --debugger-agent=transport=dt_socket,embedding=1,server=y,suspend=n,address=127.0.0.1:56896
Begin MonoManager ReloadAssembly
Registering precompiled unity dll's ...
Register platform support module: D:/Unity/Editors/2020.3.0f1/Editor/Data/PlaybackEngines/MacStandaloneSupport/UnityEditor.OSXStandalone.Extensions.dll
Register platform support module: D:/Unity/Editors/2020.3.0f1/Editor/Data/PlaybackEngines/WindowsStandaloneSupport/UnityEditor.WindowsStandalone.Extensions.dll
Register platform support module: D:/Unity/Editors/2020.3.0f1/Editor/Data/PlaybackEngines/LinuxStandaloneSupport/UnityEditor.LinuxStandalone.Extensions.dll
Registered in 0.001253 seconds.
Native extension for LinuxStandalone target not found
Native extension for WindowsStandalone target not found
Native extension for OSXStandalone target not found
Refreshing native plugins compatible for Editor in 40.99 ms, found 1 plugins.
Preloading 0 native plugins for Editor in 0.00 ms.
Invoked RoslynAnalysisRunner static constructor.
RoslynAnalysisRunner will not be running.
RoslynAnalysisRunner has terminated.
Mono: successfully reloaded assembly
- Completed reload, in  0.741 seconds
Platform modules already initialized, skipping
Registering precompiled user dll's ...
Registered in 0.000881 seconds.
Begin MonoManager ReloadAssembly
Native extension for LinuxStandalone target not found
Native extension for WindowsStandalone target not found
Native extension for OSXStandalone target not found
Refreshing native plugins compatible for Editor in 38.54 ms, found 1 plugins.
Preloading 0 native plugins for Editor in 0.00 ms.
Invoked RoslynAnalysisRunner static constructor.
RoslynAnalysisRunner will not be running.
RoslynAnalysisRunner has terminated.
Mono: successfully reloaded assembly
- Completed reload, in  0.822 seconds
Platform modules already initialized, skipping
========================================================================
Worker process is ready to serve import requests
Launched and connected shader compiler UnityShaderCompiler.exe after 0.04 seconds
Refreshing native plugins compatible for Editor in 0.49 ms, found 1 plugins.
Preloading 0 native plugins for Editor in 0.00 ms.
Unloading 2297 Unused Serialized files (Serialized files now loaded: 0)
System memory in use before: 103.3 MB.
System memory in use after: 103.4 MB.

Unloading 22 unused Assets to reduce memory usage. Loaded Objects now: 2749.
Total: 2.607000 ms (FindLiveObjects: 0.290600 ms CreateObjectMapping: 0.064100 ms MarkObjects: 2.168600 ms  DeleteObjects: 0.082500 ms)

========================================================================
Received Import Request.
  path: Assets/Sprites/Obstacles/Key.png
  artifactKey: Guid(0a005e63849f03644a51db2100c9d9e1) Importer(815301076,1909f56bfc062723c751e8b465ee728b)
Start importing Assets/Sprites/Obstacles/Key.png using Guid(0a005e63849f03644a51db2100c9d9e1) Importer(815301076,1909f56bfc062723c751e8b465ee728b)  -> (artifact id: '3ded11a9d9a023e95482dab1b0537e61') in 0.153393 seconds
  Import took 0.159150 seconds .

========================================================================
Received Import Request.
  Time since last request: 0.000427 seconds.
  path: Assets/Sprites/Obstacles/Beamon_Projectile.png
  artifactKey: Guid(0ef236a8faf7ca24292b412dbab2debc) Importer(815301076,1909f56bfc062723c751e8b465ee728b)
Start importing Assets/Sprites/Obstacles/Beamon_Projectile.png using Guid(0ef236a8faf7ca24292b412dbab2debc) Importer(815301076,1909f56bfc062723c751e8b465ee728b)  -> (artifact id: '7681a4b79b9d56f03e6f7c2c0d3769fc') in 0.017377 seconds
  Import took 0.045876 seconds .

========================================================================
Received Import Request.
  Time since last request: 0.000218 seconds.
  path: Assets/Thaleah_PixelFont/Materials/Thaleah_DemoBackground.png
  artifactKey: Guid(b324a4685d480b346b084e8a5dbacbde) Importer(815301076,1909f56bfc062723c751e8b465ee728b)
Start importing Assets/Thaleah_PixelFont/Materials/Thaleah_DemoBackground.png using Guid(b324a4685d480b346b084e8a5dbacbde) Importer(815301076,1909f56bfc062723c751e8b465ee728b)  -> (artifact id: 'c25de676640c6e84c55bf24513a8d6ac') in 0.035719 seconds
  Import took 0.040328 seconds .

========================================================================
Received Import Request.
  Time since last request: 0.000218 seconds.
  path: Assets/Sprites/South_Button.png
  artifactKey: Guid(95a4185599beba84793b4d29e05e2487) Importer(815301076,1909f56bfc062723c751e8b465ee728b)
Start importing Assets/Sprites/South_Button.png using Guid(95a4185599beba84793b4d29e05e2487) Importer(815301076,1909f56bfc062723c751e8b465ee728b)  -> (artifact id: 'c32b13908ce9016551880e2e4c01c0b5') in 0.020689 seconds
  Import took 0.024690 seconds .

========================================================================
Received Import Request.
  Time since last request: 0.000185 seconds.
  path: Assets/Sprites/Obstacles/Beamon.png
  artifactKey: Guid(5749003d08d8af24ca3c01f0010a287b) Importer(815301076,1909f56bfc062723c751e8b465ee728b)
Start importing Assets/Sprites/Obstacles/Beamon.png using Guid(5749003d08d8af24ca3c01f0010a287b) Importer(815301076,1909f56bfc062723c751e8b465ee728b)  -> (artifact id: 'a3bdf0e5bae655644029489608691d8e') in 0.033075 seconds
  Import took 0.046182 seconds .

========================================================================
Received Import Request.
  Time since last request: 0.000227 seconds.
  path: Assets/Sprites/Player/Player_Idle.png
  artifactKey: Guid(b83c7678979f0234692f0b6840bd5190) Importer(815301076,1909f56bfc062723c751e8b465ee728b)
Start importing Assets/Sprites/Player/Player_Idle.png using Guid(b83c7678979f0234692f0b6840bd5190) Importer(815301076,1909f56bfc062723c751e8b465ee728b)  -> (artifact id: '5d0a125eec8a691118b9fdda4c4f08a0') in 0.012746 seconds
  Import took 0.018592 seconds .

========================================================================
Received Import Request.
  Time since last request: 0.000219 seconds.
  path: Assets/Sprites/Player/Player_Running.png
  artifactKey: Guid(4b788076417a6c3478fb9a1371a73f15) Importer(815301076,1909f56bfc062723c751e8b465ee728b)
Start importing Assets/Sprites/Player/Player_Running.png using Guid(4b788076417a6c3478fb9a1371a73f15) Importer(815301076,1909f56bfc062723c751e8b465ee728b)  -> (artifact id: 'c852dcd79d4b1cdd4077fb47fd65ea89') in 0.023165 seconds
  Import took 0.028497 seconds .

========================================================================
Received Import Request.
  Time since last request: 0.000205 seconds.
  path: Assets/Sprites/Player/Player_Arm_Out.png
  artifactKey: Guid(00a647f16226364478fb258bd2ce49d5) Importer(815301076,1909f56bfc062723c751e8b465ee728b)
Start importing Assets/Sprites/Player/Player_Arm_Out.png using Guid(00a647f16226364478fb258bd2ce49d5) Importer(815301076,1909f56bfc062723c751e8b465ee728b)  -> (artifact id: '9df8298d3c07d798f0ed1c84945d0871') in 0.024124 seconds
  Import took 0.038642 seconds .

========================================================================
Received Import Request.
  Time since last request: 0.000194 seconds.
  path: Assets/Sprites/Player/Playing_Jumping_WA.png
  artifactKey: Guid(e55e2453d6cbfb54eae7f554ce466f74) Importer(815301076,1909f56bfc062723c751e8b465ee728b)
Start importing Assets/Sprites/Player/Playing_Jumping_WA.png using Guid(e55e2453d6cbfb54eae7f554ce466f74) Importer(815301076,1909f56bfc062723c751e8b465ee728b)  -> (artifact id: 'aa67876583e2266094435226a18d05f2') in 0.019701 seconds
  Import took 0.023857 seconds .

========================================================================
Received Import Request.
  Time since last request: 0.000208 seconds.
  path: Assets/Sprites/Obstacles/Corruption.png
  artifactKey: Guid(4f9b5cb92a942094cb09e4dd64183486) Importer(815301076,1909f56bfc062723c751e8b465ee728b)
Start importing Assets/Sprites/Obstacles/Corruption.png using Guid(4f9b5cb92a942094cb09e4dd64183486) Importer(815301076,1909f56bfc062723c751e8b465ee728b)  -> (artifact id: '50a3f2c9b029c435ae28a30733df6a9e') in 0.021173 seconds
  Import took 0.025602 seconds .

========================================================================
Received Import Request.
  Time since last request: 0.000199 seconds.
  path: Assets/Sprites/Player/Player_Walking.png
  artifactKey: Guid(8a37c3de55b2bc44d86910f520aba801) Importer(815301076,1909f56bfc062723c751e8b465ee728b)
Start importing Assets/Sprites/Player/Player_Walking.png using Guid(8a37c3de55b2bc44d86910f520aba801) Importer(815301076,1909f56bfc062723c751e8b465ee728b)  -> (artifact id: '687c051e3716222bdb515323ee73dc7a') in 0.021843 seconds
  Import took 0.025583 seconds .

========================================================================
Received Import Request.
  Time since last request: 0.000247 seconds.
  path: Assets/Sprites/Player/Player_Walking_WA.png
  artifactKey: Guid(df4b8443e04be7f44b9e4f3be9b3aff6) Importer(815301076,1909f56bfc062723c751e8b465ee728b)
Start importing Assets/Sprites/Player/Player_Walking_WA.png using Guid(df4b8443e04be7f44b9e4f3be9b3aff6) Importer(815301076,1909f56bfc062723c751e8b465ee728b)  -> (artifact id: '90160e86e74899c2607201a8cc806ed0') in 0.018400 seconds
  Import took 0.022729 seconds .

========================================================================
Received Import Request.
  Time since last request: 0.000176 seconds.
  path: Assets/Sprites/Pillar.png
  artifactKey: Guid(1023dbf4358f0af469e13ad5e126eaa8) Importer(815301076,1909f56bfc062723c751e8b465ee728b)
Start importing Assets/Sprites/Pillar.png using Guid(1023dbf4358f0af469e13ad5e126eaa8) Importer(815301076,1909f56bfc062723c751e8b465ee728b)  -> (artifact id: 'faede8c1e4f9f7072746c4604b7c4d33') in 0.015820 seconds
  Import took 0.020112 seconds .

========================================================================
Received Import Request.
  Time since last request: 0.000189 seconds.
  path: Assets/Sprites/Player/Player_Idle_WA.png
  artifactKey: Guid(a5f3ba81e33985c419442e62311395ca) Importer(815301076,1909f56bfc062723c751e8b465ee728b)
Start importing Assets/Sprites/Player/Player_Idle_WA.png using Guid(a5f3ba81e33985c419442e62311395ca) Importer(815301076,1909f56bfc062723c751e8b465ee728b)  -> (artifact id: 'daf2e184fd2b4cbd515dca215c7bd214') in 0.016557 seconds
  Import took 0.021231 seconds .

========================================================================
Received Import Request.
  Time since last request: 0.000182 seconds.
  path: Assets/Sprites/Player/Player_Running_WA.png
  artifactKey: Guid(862cf746d7d3f5d478c7ed5ef8c969df) Importer(815301076,1909f56bfc062723c751e8b465ee728b)
Start importing Assets/Sprites/Player/Player_Running_WA.png using Guid(862cf746d7d3f5d478c7ed5ef8c969df) Importer(815301076,1909f56bfc062723c751e8b465ee728b)  -> (artifact id: 'e9c8a57ceb4db71013af837b7d813896') in 0.018244 seconds
  Import took 0.022026 seconds .

========================================================================
Received Import Request.
  Time since last request: 0.000158 seconds.
  path: Assets/Sprites/Tranquility_Bell.png
  artifactKey: Guid(32c7c075229dc8b4c9c36ab1236fc6a7) Importer(815301076,1909f56bfc062723c751e8b465ee728b)
Start importing Assets/Sprites/Tranquility_Bell.png using Guid(32c7c075229dc8b4c9c36ab1236fc6a7) Importer(815301076,1909f56bfc062723c751e8b465ee728b)  -> (artifact id: '216b10a3f0af869a83a2ff5a3312945c') in 0.017974 seconds
  Import took 0.022215 seconds .

========================================================================
Received Import Request.
  Time since last request: 0.000245 seconds.
  path: Assets/Sprites/Player/Playing_Jumping.png
  artifactKey: Guid(c53fb8d9678aeae44a61cc691cdaf7ed) Importer(815301076,1909f56bfc062723c751e8b465ee728b)
Start importing Assets/Sprites/Player/Playing_Jumping.png using Guid(c53fb8d9678aeae44a61cc691cdaf7ed) Importer(815301076,1909f56bfc062723c751e8b465ee728b)  -> (artifact id: '3b76bce317f97d354aa8c6995323f763') in 0.014592 seconds
  Import took 0.018939 seconds .

========================================================================
Received Import Request.
  Time since last request: 0.000180 seconds.
  path: Assets/Sprites/Tranquility_Icon.png
  artifactKey: Guid(b87a3fda259844846b03a0d19b0a045d) Importer(815301076,1909f56bfc062723c751e8b465ee728b)
Start importing Assets/Sprites/Tranquility_Icon.png using Guid(b87a3fda259844846b03a0d19b0a045d) Importer(815301076,1909f56bfc062723c751e8b465ee728b)  -> (artifact id: 'a573e573e87a81504016c692e8dfa97a') in 0.015345 seconds
  Import took 0.019433 seconds .

========================================================================
Received Import Request.
  Time since last request: 0.000169 seconds.
  path: Assets/Sprites/hollow-circle.png
  artifactKey: Guid(1ec01930fa0276b45b5a237ed7812f57) Importer(815301076,1909f56bfc062723c751e8b465ee728b)
Start importing Assets/Sprites/hollow-circle.png using Guid(1ec01930fa0276b45b5a237ed7812f57) Importer(815301076,1909f56bfc062723c751e8b465ee728b)  -> (artifact id: '8b161179ad2d41c34873c14fad90c2f5') in 0.013275 seconds
  Import took 0.017448 seconds .

========================================================================
Received Import Request.
  Time since last request: 0.000171 seconds.
  path: Assets/Sprites/Obstacles/Key_Hole.png
  artifactKey: Guid(45470516cc399df419fb81945bd0e4f9) Importer(815301076,1909f56bfc062723c751e8b465ee728b)
Start importing Assets/Sprites/Obstacles/Key_Hole.png using Guid(45470516cc399df419fb81945bd0e4f9) Importer(815301076,1909f56bfc062723c751e8b465ee728b)  -> (artifact id: 'b51f1d11e62951f74d33d57b504238e7') in 0.010211 seconds
  Import took 0.014101 seconds .

========================================================================
Received Import Request.
  Time since last request: 0.000212 seconds.
  path: Assets/Sprites/square.png
  artifactKey: Guid(50406e153408a004e8a13e186d787ce5) Importer(815301076,1909f56bfc062723c751e8b465ee728b)
Start importing Assets/Sprites/square.png using Guid(50406e153408a004e8a13e186d787ce5) Importer(815301076,1909f56bfc062723c751e8b465ee728b)  -> (artifact id: '32a2296e0d8573142f0f486e95a445d2') in 0.010184 seconds
  Import took 0.013701 seconds .

========================================================================
Received Prepare
Registering precompiled user dll's ...
Registered in 0.001480 seconds.
Begin MonoManager ReloadAssembly
Native extension for LinuxStandalone target not found
Native extension for WindowsStandalone target not found
Native extension for OSXStandalone target not found
Refreshing native plugins compatible for Editor in 0.56 ms, found 1 plugins.
Preloading 0 native plugins for Editor in 0.00 ms.
Invoked RoslynAnalysisRunner static constructor.
RoslynAnalysisRunner will not be running.
RoslynAnalysisRunner has terminated.
Mono: successfully reloaded assembly
- Completed reload, in  0.993 seconds
Platform modules already initialized, skipping
Refreshing native plugins compatible for Editor in 0.58 ms, found 1 plugins.
Preloading 0 native plugins for Editor in 0.00 ms.
Unloading 2272 Unused Serialized files (Serialized files now loaded: 0)
System memory in use before: 104.8 MB.
System memory in use after: 105.1 MB.

Unloading 10 unused Assets to reduce memory usage. Loaded Objects now: 2769.
Total: 2.305300 ms (FindLiveObjects: 0.312900 ms CreateObjectMapping: 0.059600 ms MarkObjects: 1.914700 ms  DeleteObjects: 0.017300 ms)

========================================================================
Received Prepare
Refreshing native plugins compatible for Editor in 1.80 ms, found 1 plugins.
Preloading 0 native plugins for Editor in 0.00 ms.
Unloading 5 Unused Serialized files (Serialized files now loaded: 0)
System memory in use before: 60.0 MB.
System memory in use after: 60.2 MB.

Unloading 5 unused Assets to reduce memory usage. Loaded Objects now: 2769.
Total: 2.558200 ms (FindLiveObjects: 0.291300 ms CreateObjectMapping: 0.061000 ms MarkObjects: 2.188300 ms  DeleteObjects: 0.016500 ms)

========================================================================
Received Prepare
Registering precompiled user dll's ...
Registered in 0.000967 seconds.
Begin MonoManager ReloadAssembly
Native extension for LinuxStandalone target not found
Native extension for WindowsStandalone target not found
Native extension for OSXStandalone target not found
Refreshing native plugins compatible for Editor in 0.53 ms, found 1 plugins.
Preloading 0 native plugins for Editor in 0.00 ms.
Invoked RoslynAnalysisRunner static constructor.
RoslynAnalysisRunner will not be running.
RoslynAnalysisRunner has terminated.
Mono: successfully reloaded assembly
- Completed reload, in  0.745 seconds
Platform modules already initialized, skipping
Refreshing native plugins compatible for Editor in 0.45 ms, found 1 plugins.
Preloading 0 native plugins for Editor in 0.00 ms.
Unloading 2272 Unused Serialized files (Serialized files now loaded: 0)
System memory in use before: 104.9 MB.
System memory in use after: 105.1 MB.

Unloading 10 unused Assets to reduce memory usage. Loaded Objects now: 2772.
Total: 2.394700 ms (FindLiveObjects: 0.398000 ms CreateObjectMapping: 0.073000 ms MarkObjects: 1.901700 ms  DeleteObjects: 0.020600 ms)

========================================================================
Received Prepare
Refreshing native plugins compatible for Editor in 1.63 ms, found 1 plugins.
Preloading 0 native plugins for Editor in 0.00 ms.
Unloading 5 Unused Serialized files (Serialized files now loaded: 0)
System memory in use before: 60.0 MB.
System memory in use after: 60.3 MB.

Unloading 5 unused Assets to reduce memory usage. Loaded Objects now: 2772.
Total: 2.585900 ms (FindLiveObjects: 0.274700 ms CreateObjectMapping: 0.074400 ms MarkObjects: 2.224100 ms  DeleteObjects: 0.011600 ms)

========================================================================
Received Prepare
Refreshing native plugins compatible for Editor in 1.64 ms, found 1 plugins.
Preloading 0 native plugins for Editor in 0.00 ms.
Unloading 5 Unused Serialized files (Serialized files now loaded: 0)
System memory in use before: 60.0 MB.
System memory in use after: 60.3 MB.

Unloading 5 unused Assets to reduce memory usage. Loaded Objects now: 2772.
Total: 2.332100 ms (FindLiveObjects: 0.283600 ms CreateObjectMapping: 0.066700 ms MarkObjects: 1.966100 ms  DeleteObjects: 0.014900 ms)

AssetImportWorkerClient::OnTransportError - code=2 error=End of file
